{
  "RSpec": {
    "coverage": {
      "/Users/andrew/rails/wild_macaron/app/models/user.rb": [
        1,
        null,
        null,
        1,
        null,
        null
      ],
      "/Users/andrew/rails/wild_macaron/app/helpers/application_helper.rb": [
        1,
        null
      ],
      "/Users/andrew/rails/wild_macaron/app/controllers/enquiries_controller.rb": [
        1,
        1,
        null,
        1,
        2,
        null,
        null,
        1,
        1,
        null,
        null,
        1,
        6,
        6,
        6,
        4,
        8,
        4,
        null,
        4,
        2,
        null,
        null,
        null,
        null,
        1,
        3,
        3,
        6,
        3,
        null,
        null,
        null,
        1,
        null,
        1,
        6,
        null,
        null
      ],
      "/Users/andrew/rails/wild_macaron/app/controllers/application_controller.rb": [
        1,
        null,
        null,
        1,
        null,
        1,
        3,
        null,
        null,
        1,
        2,
        null,
        null,
        1,
        1,
        null,
        null
      ],
      "/Users/andrew/rails/wild_macaron/app/controllers/pages_controller.rb": [
        1,
        1,
        null,
        1,
        4,
        null,
        null,
        1,
        null,
        null
      ],
      "/Users/andrew/rails/wild_macaron/app/controllers/users_controller.rb": [
        1,
        1,
        null,
        1,
        1,
        null,
        null,
        1,
        1,
        null,
        null,
        1,
        6,
        6,
        5,
        3,
        null,
        2,
        null,
        null,
        null,
        1,
        3,
        3,
        null,
        null,
        1,
        null,
        1,
        6,
        null,
        null
      ],
      "/Users/andrew/rails/wild_macaron/app/mailers/enquiry_mailer.rb": [
        1,
        1,
        null,
        1,
        1,
        1,
        null,
        null
      ],
      "/Users/andrew/rails/wild_macaron/app/models/enquiry.rb": [
        1,
        1,
        1,
        1,
        null
      ],
      "/Users/andrew/rails/wild_macaron/app/models/ability.rb": [
        1,
        1,
        null,
        1,
        18,
        18,
        15,
        null,
        3,
        3,
        null,
        null,
        null,
        null,
        null,
        null,
        null,
        null,
        null,
        null,
        null,
        null,
        null,
        null,
        null,
        null,
        null,
        null,
        null,
        null,
        null,
        null,
        null,
        null,
        null,
        null,
        null,
        null,
        null
      ],
      "/Users/andrew/rails/wild_macaron/app/controllers/errors_controller.rb": [
        1,
        null,
        1,
        1,
        1,
        2,
        1,
        null,
        null,
        null
      ]
    },
    "timestamp": 1396467346
  }
}
